This file contains any messages produced by compilers while
running configure, to aid debugging if configure makes a mistake.

It was created by okabe configure 1.0.1, which was
generated by GNU Autoconf 2.69.  Invocation command line was

  $ ./configure 

## --------- ##
## Platform. ##
## --------- ##

hostname = Ergenekons-MacBook-Air.local
uname -m = x86_64
uname -r = 15.0.0
uname -s = Darwin
uname -v = Darwin Kernel Version 15.0.0: Sat Sep 19 15:53:46 PDT 2015; root:xnu-3247.10.11~1/RELEASE_X86_64

/usr/bin/uname -p = i386
/bin/uname -X     = unknown

/bin/arch              = unknown
/usr/bin/arch -k       = unknown
/usr/convex/getsysinfo = unknown
/usr/bin/hostinfo      = Mach kernel version:
	 Darwin Kernel Version 15.0.0: Sat Sep 19 15:53:46 PDT 2015; root:xnu-3247.10.11~1/RELEASE_X86_64
Kernel configured for up to 4 processors.
2 processors are physically available.
4 processors are logically available.
Processor type: x86_64h (Intel x86-64h Haswell)
Processors active: 0 1 2 3
Primary memory available: 4.00 gigabytes
Default processor set: 256 tasks, 1155 threads, 4 processors
Load average: 0.98, Mach factor: 3.01
/bin/machine           = unknown
/usr/bin/oslevel       = unknown
/bin/universe          = unknown

PATH: /Users/ergenekonyigit/bin
PATH: /usr/local/bin
PATH: /usr/local/bin
PATH: /usr/bin
PATH: /bin
PATH: /usr/sbin
PATH: /sbin
PATH: /opt/X11/bin
PATH: /usr/local/go/bin
PATH: /Library/TeX/texbin
PATH: /Users/ergenekonyigit/.rvm/bin


## ----------- ##
## Core tests. ##
## ----------- ##

configure:2153: checking for gcc
configure:2169: found /usr/bin/gcc
configure:2180: result: gcc
configure:2409: checking for C compiler version
configure:2418: gcc --version >&5
Apple LLVM version 7.0.0 (clang-700.1.76)
Target: x86_64-apple-darwin15.0.0
Thread model: posix
Configured with: --prefix=/Applications/Xcode.app/Contents/Developer/usr --with-gxx-include-dir=/Applications/Xcode.app/Contents/Developer/Platforms/MacOSX.platform/Developer/SDKs/MacOSX10.11.sdk/usr/include/c++/4.2.1
configure:2429: $? = 0
configure:2418: gcc -v >&5
Configured with: --prefix=/Applications/Xcode.app/Contents/Developer/usr --with-gxx-include-dir=/Applications/Xcode.app/Contents/Developer/Platforms/MacOSX.platform/Developer/SDKs/MacOSX10.11.sdk/usr/include/c++/4.2.1
Apple LLVM version 7.0.0 (clang-700.1.76)
Target: x86_64-apple-darwin15.0.0
Thread model: posix
configure:2429: $? = 0
configure:2418: gcc -V >&5
clang: error: argument to '-V' is missing (expected 1 value)
clang: error: no input files
configure:2429: $? = 1
configure:2418: gcc -qversion >&5
clang: error: unknown argument: '-qversion'
clang: error: no input files
configure:2429: $? = 1
configure:2449: checking whether the C compiler works
configure:2471: gcc    conftest.c  >&5
configure:2475: $? = 0
configure:2523: result: yes
configure:2526: checking for C compiler default output file name
configure:2528: result: a.out
configure:2534: checking for suffix of executables
configure:2541: gcc -o conftest    conftest.c  >&5
configure:2545: $? = 0
configure:2567: result: 
configure:2589: checking whether we are cross compiling
configure:2597: gcc -o conftest    conftest.c  >&5
configure:2601: $? = 0
configure:2608: ./conftest
configure:2612: $? = 0
configure:2627: result: no
configure:2632: checking for suffix of object files
configure:2654: gcc -c   conftest.c >&5
configure:2658: $? = 0
configure:2679: result: o
configure:2683: checking whether we are using the GNU C compiler
configure:2702: gcc -c   conftest.c >&5
configure:2702: $? = 0
configure:2711: result: yes
configure:2720: checking whether gcc accepts -g
configure:2740: gcc -c -g  conftest.c >&5
configure:2740: $? = 0
configure:2781: result: yes
configure:2798: checking for gcc option to accept ISO C89
configure:2861: gcc  -c -g -O2  conftest.c >&5
configure:2861: $? = 0
configure:2874: result: none needed
configure:2899: checking whether gcc understands -c and -o together
configure:2921: gcc -c conftest.c -o conftest2.o
configure:2924: $? = 0
configure:2921: gcc -c conftest.c -o conftest2.o
configure:2924: $? = 0
configure:2936: result: yes
configure:2959: checking how to run the C preprocessor
configure:2990: gcc -E  conftest.c
configure:2990: $? = 0
configure:3004: gcc -E  conftest.c
conftest.c:9:10: fatal error: 'ac_nonexistent.h' file not found
#include <ac_nonexistent.h>
         ^
1 error generated.
configure:3004: $? = 1
configure: failed program was:
| /* confdefs.h */
| #define PACKAGE_NAME "okabe"
| #define PACKAGE_TARNAME "okabe"
| #define PACKAGE_VERSION "1.0.1"
| #define PACKAGE_STRING "okabe 1.0.1"
| #define PACKAGE_BUGREPORT ""
| #define PACKAGE_URL ""
| /* end confdefs.h.  */
| #include <ac_nonexistent.h>
configure:3029: result: gcc -E
configure:3049: gcc -E  conftest.c
configure:3049: $? = 0
configure:3063: gcc -E  conftest.c
conftest.c:9:10: fatal error: 'ac_nonexistent.h' file not found
#include <ac_nonexistent.h>
         ^
1 error generated.
configure:3063: $? = 1
configure: failed program was:
| /* confdefs.h */
| #define PACKAGE_NAME "okabe"
| #define PACKAGE_TARNAME "okabe"
| #define PACKAGE_VERSION "1.0.1"
| #define PACKAGE_STRING "okabe 1.0.1"
| #define PACKAGE_BUGREPORT ""
| #define PACKAGE_URL ""
| /* end confdefs.h.  */
| #include <ac_nonexistent.h>
configure:3092: checking for grep that handles long lines and -e
configure:3150: result: /usr/local/bin/ggrep
configure:3155: checking for egrep
configure:3217: result: /usr/local/bin/ggrep -E
configure:3222: checking for ANSI C header files
configure:3242: gcc -c -g -O2  conftest.c >&5
configure:3242: $? = 0
configure:3315: gcc -o conftest -g -O2   conftest.c  >&5
configure:3315: $? = 0
configure:3315: ./conftest
configure:3315: $? = 0
configure:3326: result: yes
configure:3339: checking for sys/types.h
configure:3339: gcc -c -g -O2  conftest.c >&5
configure:3339: $? = 0
configure:3339: result: yes
configure:3339: checking for sys/stat.h
configure:3339: gcc -c -g -O2  conftest.c >&5
configure:3339: $? = 0
configure:3339: result: yes
configure:3339: checking for stdlib.h
configure:3339: gcc -c -g -O2  conftest.c >&5
configure:3339: $? = 0
configure:3339: result: yes
configure:3339: checking for string.h
configure:3339: gcc -c -g -O2  conftest.c >&5
configure:3339: $? = 0
configure:3339: result: yes
configure:3339: checking for memory.h
configure:3339: gcc -c -g -O2  conftest.c >&5
configure:3339: $? = 0
configure:3339: result: yes
configure:3339: checking for strings.h
configure:3339: gcc -c -g -O2  conftest.c >&5
configure:3339: $? = 0
configure:3339: result: yes
configure:3339: checking for inttypes.h
configure:3339: gcc -c -g -O2  conftest.c >&5
configure:3339: $? = 0
configure:3339: result: yes
configure:3339: checking for stdint.h
configure:3339: gcc -c -g -O2  conftest.c >&5
configure:3339: $? = 0
configure:3339: result: yes
configure:3339: checking for unistd.h
configure:3339: gcc -c -g -O2  conftest.c >&5
configure:3339: $? = 0
configure:3339: result: yes
configure:3354: checking src/arayuz.h usability
configure:3354: gcc -c -g -O2  conftest.c >&5
conftest.c:52:10: error: 'src/arayuz.h' file not found with <angled> include; use "quotes" instead
#include <src/arayuz.h>
         ^~~~~~~~~~~~~~
         "src/arayuz.h"
In file included from conftest.c:52:
./src/arayuz.h:4:10: fatal error: 'src/yazilim.h' file not found
#include "src/yazilim.h"
         ^
2 errors generated.
configure:3354: $? = 1
configure: failed program was:
| /* confdefs.h */
| #define PACKAGE_NAME "okabe"
| #define PACKAGE_TARNAME "okabe"
| #define PACKAGE_VERSION "1.0.1"
| #define PACKAGE_STRING "okabe 1.0.1"
| #define PACKAGE_BUGREPORT ""
| #define PACKAGE_URL ""
| #define STDC_HEADERS 1
| #define HAVE_SYS_TYPES_H 1
| #define HAVE_SYS_STAT_H 1
| #define HAVE_STDLIB_H 1
| #define HAVE_STRING_H 1
| #define HAVE_MEMORY_H 1
| #define HAVE_STRINGS_H 1
| #define HAVE_INTTYPES_H 1
| #define HAVE_STDINT_H 1
| #define HAVE_UNISTD_H 1
| /* end confdefs.h.  */
| #include <stdio.h>
| #ifdef HAVE_SYS_TYPES_H
| # include <sys/types.h>
| #endif
| #ifdef HAVE_SYS_STAT_H
| # include <sys/stat.h>
| #endif
| #ifdef STDC_HEADERS
| # include <stdlib.h>
| # include <stddef.h>
| #else
| # ifdef HAVE_STDLIB_H
| #  include <stdlib.h>
| # endif
| #endif
| #ifdef HAVE_STRING_H
| # if !defined STDC_HEADERS && defined HAVE_MEMORY_H
| #  include <memory.h>
| # endif
| # include <string.h>
| #endif
| #ifdef HAVE_STRINGS_H
| # include <strings.h>
| #endif
| #ifdef HAVE_INTTYPES_H
| # include <inttypes.h>
| #endif
| #ifdef HAVE_STDINT_H
| # include <stdint.h>
| #endif
| #ifdef HAVE_UNISTD_H
| # include <unistd.h>
| #endif
| #include <src/arayuz.h>
configure:3354: result: no
configure:3354: checking src/arayuz.h presence
configure:3354: gcc -E  conftest.c
conftest.c:19:10: error: 'src/arayuz.h' file not found with <angled> include; use "quotes" instead
#include <src/arayuz.h>
         ^~~~~~~~~~~~~~
         "src/arayuz.h"
In file included from conftest.c:19:
./src/arayuz.h:4:10: fatal error: 'src/yazilim.h' file not found
#include "src/yazilim.h"
         ^
2 errors generated.
configure:3354: $? = 1
configure: failed program was:
| /* confdefs.h */
| #define PACKAGE_NAME "okabe"
| #define PACKAGE_TARNAME "okabe"
| #define PACKAGE_VERSION "1.0.1"
| #define PACKAGE_STRING "okabe 1.0.1"
| #define PACKAGE_BUGREPORT ""
| #define PACKAGE_URL ""
| #define STDC_HEADERS 1
| #define HAVE_SYS_TYPES_H 1
| #define HAVE_SYS_STAT_H 1
| #define HAVE_STDLIB_H 1
| #define HAVE_STRING_H 1
| #define HAVE_MEMORY_H 1
| #define HAVE_STRINGS_H 1
| #define HAVE_INTTYPES_H 1
| #define HAVE_STDINT_H 1
| #define HAVE_UNISTD_H 1
| /* end confdefs.h.  */
| #include <src/arayuz.h>
configure:3354: result: no
configure:3354: checking for src/arayuz.h
configure:3354: result: no
configure:3354: checking src/yazilim.h usability
configure:3354: gcc -c -g -O2  conftest.c >&5
conftest.c:52:10: error: 'src/yazilim.h' file not found with <angled> include; use "quotes" instead
#include <src/yazilim.h>
         ^~~~~~~~~~~~~~~
         "src/yazilim.h"
In file included from conftest.c:52:
./src/yazilim.h:4:10: fatal error: 'veri/veritabani.h' file not found
#include "veri/veritabani.h"
         ^
2 errors generated.
configure:3354: $? = 1
configure: failed program was:
| /* confdefs.h */
| #define PACKAGE_NAME "okabe"
| #define PACKAGE_TARNAME "okabe"
| #define PACKAGE_VERSION "1.0.1"
| #define PACKAGE_STRING "okabe 1.0.1"
| #define PACKAGE_BUGREPORT ""
| #define PACKAGE_URL ""
| #define STDC_HEADERS 1
| #define HAVE_SYS_TYPES_H 1
| #define HAVE_SYS_STAT_H 1
| #define HAVE_STDLIB_H 1
| #define HAVE_STRING_H 1
| #define HAVE_MEMORY_H 1
| #define HAVE_STRINGS_H 1
| #define HAVE_INTTYPES_H 1
| #define HAVE_STDINT_H 1
| #define HAVE_UNISTD_H 1
| /* end confdefs.h.  */
| #include <stdio.h>
| #ifdef HAVE_SYS_TYPES_H
| # include <sys/types.h>
| #endif
| #ifdef HAVE_SYS_STAT_H
| # include <sys/stat.h>
| #endif
| #ifdef STDC_HEADERS
| # include <stdlib.h>
| # include <stddef.h>
| #else
| # ifdef HAVE_STDLIB_H
| #  include <stdlib.h>
| # endif
| #endif
| #ifdef HAVE_STRING_H
| # if !defined STDC_HEADERS && defined HAVE_MEMORY_H
| #  include <memory.h>
| # endif
| # include <string.h>
| #endif
| #ifdef HAVE_STRINGS_H
| # include <strings.h>
| #endif
| #ifdef HAVE_INTTYPES_H
| # include <inttypes.h>
| #endif
| #ifdef HAVE_STDINT_H
| # include <stdint.h>
| #endif
| #ifdef HAVE_UNISTD_H
| # include <unistd.h>
| #endif
| #include <src/yazilim.h>
configure:3354: result: no
configure:3354: checking src/yazilim.h presence
configure:3354: gcc -E  conftest.c
conftest.c:19:10: error: 'src/yazilim.h' file not found with <angled> include; use "quotes" instead
#include <src/yazilim.h>
         ^~~~~~~~~~~~~~~
         "src/yazilim.h"
In file included from conftest.c:19:
./src/yazilim.h:4:10: fatal error: 'veri/veritabani.h' file not found
#include "veri/veritabani.h"
         ^
2 errors generated.
configure:3354: $? = 1
configure: failed program was:
| /* confdefs.h */
| #define PACKAGE_NAME "okabe"
| #define PACKAGE_TARNAME "okabe"
| #define PACKAGE_VERSION "1.0.1"
| #define PACKAGE_STRING "okabe 1.0.1"
| #define PACKAGE_BUGREPORT ""
| #define PACKAGE_URL ""
| #define STDC_HEADERS 1
| #define HAVE_SYS_TYPES_H 1
| #define HAVE_SYS_STAT_H 1
| #define HAVE_STDLIB_H 1
| #define HAVE_STRING_H 1
| #define HAVE_MEMORY_H 1
| #define HAVE_STRINGS_H 1
| #define HAVE_INTTYPES_H 1
| #define HAVE_STDINT_H 1
| #define HAVE_UNISTD_H 1
| /* end confdefs.h.  */
| #include <src/yazilim.h>
configure:3354: result: no
configure:3354: checking for src/yazilim.h
configure:3354: result: no
configure:3354: checking veri/alis.h usability
configure:3354: gcc -c -g -O2  conftest.c >&5
conftest.c:52:10: error: 'veri/alis.h' file not found with <angled> include; use "quotes" instead
#include <veri/alis.h>
         ^~~~~~~~~~~~~
         "veri/alis.h"
In file included from conftest.c:52:
./veri/alis.h:4:10: fatal error: 'string' file not found
#include <string>
         ^
2 errors generated.
configure:3354: $? = 1
configure: failed program was:
| /* confdefs.h */
| #define PACKAGE_NAME "okabe"
| #define PACKAGE_TARNAME "okabe"
| #define PACKAGE_VERSION "1.0.1"
| #define PACKAGE_STRING "okabe 1.0.1"
| #define PACKAGE_BUGREPORT ""
| #define PACKAGE_URL ""
| #define STDC_HEADERS 1
| #define HAVE_SYS_TYPES_H 1
| #define HAVE_SYS_STAT_H 1
| #define HAVE_STDLIB_H 1
| #define HAVE_STRING_H 1
| #define HAVE_MEMORY_H 1
| #define HAVE_STRINGS_H 1
| #define HAVE_INTTYPES_H 1
| #define HAVE_STDINT_H 1
| #define HAVE_UNISTD_H 1
| /* end confdefs.h.  */
| #include <stdio.h>
| #ifdef HAVE_SYS_TYPES_H
| # include <sys/types.h>
| #endif
| #ifdef HAVE_SYS_STAT_H
| # include <sys/stat.h>
| #endif
| #ifdef STDC_HEADERS
| # include <stdlib.h>
| # include <stddef.h>
| #else
| # ifdef HAVE_STDLIB_H
| #  include <stdlib.h>
| # endif
| #endif
| #ifdef HAVE_STRING_H
| # if !defined STDC_HEADERS && defined HAVE_MEMORY_H
| #  include <memory.h>
| # endif
| # include <string.h>
| #endif
| #ifdef HAVE_STRINGS_H
| # include <strings.h>
| #endif
| #ifdef HAVE_INTTYPES_H
| # include <inttypes.h>
| #endif
| #ifdef HAVE_STDINT_H
| # include <stdint.h>
| #endif
| #ifdef HAVE_UNISTD_H
| # include <unistd.h>
| #endif
| #include <veri/alis.h>
configure:3354: result: no
configure:3354: checking veri/alis.h presence
configure:3354: gcc -E  conftest.c
conftest.c:19:10: error: 'veri/alis.h' file not found with <angled> include; use "quotes" instead
#include <veri/alis.h>
         ^~~~~~~~~~~~~
         "veri/alis.h"
In file included from conftest.c:19:
./veri/alis.h:4:10: fatal error: 'string' file not found
#include <string>
         ^
2 errors generated.
configure:3354: $? = 1
configure: failed program was:
| /* confdefs.h */
| #define PACKAGE_NAME "okabe"
| #define PACKAGE_TARNAME "okabe"
| #define PACKAGE_VERSION "1.0.1"
| #define PACKAGE_STRING "okabe 1.0.1"
| #define PACKAGE_BUGREPORT ""
| #define PACKAGE_URL ""
| #define STDC_HEADERS 1
| #define HAVE_SYS_TYPES_H 1
| #define HAVE_SYS_STAT_H 1
| #define HAVE_STDLIB_H 1
| #define HAVE_STRING_H 1
| #define HAVE_MEMORY_H 1
| #define HAVE_STRINGS_H 1
| #define HAVE_INTTYPES_H 1
| #define HAVE_STDINT_H 1
| #define HAVE_UNISTD_H 1
| /* end confdefs.h.  */
| #include <veri/alis.h>
configure:3354: result: no
configure:3354: checking for veri/alis.h
configure:3354: result: no
configure:3354: checking veri/kategori.h usability
configure:3354: gcc -c -g -O2  conftest.c >&5
conftest.c:52:10: error: 'veri/kategori.h' file not found with <angled> include; use "quotes" instead
#include <veri/kategori.h>
         ^~~~~~~~~~~~~~~~~
         "veri/kategori.h"
In file included from conftest.c:52:
./veri/kategori.h:4:10: fatal error: 'string' file not found
#include <string>
         ^
2 errors generated.
configure:3354: $? = 1
configure: failed program was:
| /* confdefs.h */
| #define PACKAGE_NAME "okabe"
| #define PACKAGE_TARNAME "okabe"
| #define PACKAGE_VERSION "1.0.1"
| #define PACKAGE_STRING "okabe 1.0.1"
| #define PACKAGE_BUGREPORT ""
| #define PACKAGE_URL ""
| #define STDC_HEADERS 1
| #define HAVE_SYS_TYPES_H 1
| #define HAVE_SYS_STAT_H 1
| #define HAVE_STDLIB_H 1
| #define HAVE_STRING_H 1
| #define HAVE_MEMORY_H 1
| #define HAVE_STRINGS_H 1
| #define HAVE_INTTYPES_H 1
| #define HAVE_STDINT_H 1
| #define HAVE_UNISTD_H 1
| /* end confdefs.h.  */
| #include <stdio.h>
| #ifdef HAVE_SYS_TYPES_H
| # include <sys/types.h>
| #endif
| #ifdef HAVE_SYS_STAT_H
| # include <sys/stat.h>
| #endif
| #ifdef STDC_HEADERS
| # include <stdlib.h>
| # include <stddef.h>
| #else
| # ifdef HAVE_STDLIB_H
| #  include <stdlib.h>
| # endif
| #endif
| #ifdef HAVE_STRING_H
| # if !defined STDC_HEADERS && defined HAVE_MEMORY_H
| #  include <memory.h>
| # endif
| # include <string.h>
| #endif
| #ifdef HAVE_STRINGS_H
| # include <strings.h>
| #endif
| #ifdef HAVE_INTTYPES_H
| # include <inttypes.h>
| #endif
| #ifdef HAVE_STDINT_H
| # include <stdint.h>
| #endif
| #ifdef HAVE_UNISTD_H
| # include <unistd.h>
| #endif
| #include <veri/kategori.h>
configure:3354: result: no
configure:3354: checking veri/kategori.h presence
configure:3354: gcc -E  conftest.c
conftest.c:19:10: error: 'veri/kategori.h' file not found with <angled> include; use "quotes" instead
#include <veri/kategori.h>
         ^~~~~~~~~~~~~~~~~
         "veri/kategori.h"
In file included from conftest.c:19:
./veri/kategori.h:4:10: fatal error: 'string' file not found
#include <string>
         ^
2 errors generated.
configure:3354: $? = 1
configure: failed program was:
| /* confdefs.h */
| #define PACKAGE_NAME "okabe"
| #define PACKAGE_TARNAME "okabe"
| #define PACKAGE_VERSION "1.0.1"
| #define PACKAGE_STRING "okabe 1.0.1"
| #define PACKAGE_BUGREPORT ""
| #define PACKAGE_URL ""
| #define STDC_HEADERS 1
| #define HAVE_SYS_TYPES_H 1
| #define HAVE_SYS_STAT_H 1
| #define HAVE_STDLIB_H 1
| #define HAVE_STRING_H 1
| #define HAVE_MEMORY_H 1
| #define HAVE_STRINGS_H 1
| #define HAVE_INTTYPES_H 1
| #define HAVE_STDINT_H 1
| #define HAVE_UNISTD_H 1
| /* end confdefs.h.  */
| #include <veri/kategori.h>
configure:3354: result: no
configure:3354: checking for veri/kategori.h
configure:3354: result: no
configure:3354: checking veri/satis.h usability
configure:3354: gcc -c -g -O2  conftest.c >&5
conftest.c:52:10: error: 'veri/satis.h' file not found with <angled> include; use "quotes" instead
#include <veri/satis.h>
         ^~~~~~~~~~~~~~
         "veri/satis.h"
In file included from conftest.c:52:
./veri/satis.h:4:10: fatal error: 'string' file not found
#include <string>
         ^
2 errors generated.
configure:3354: $? = 1
configure: failed program was:
| /* confdefs.h */
| #define PACKAGE_NAME "okabe"
| #define PACKAGE_TARNAME "okabe"
| #define PACKAGE_VERSION "1.0.1"
| #define PACKAGE_STRING "okabe 1.0.1"
| #define PACKAGE_BUGREPORT ""
| #define PACKAGE_URL ""
| #define STDC_HEADERS 1
| #define HAVE_SYS_TYPES_H 1
| #define HAVE_SYS_STAT_H 1
| #define HAVE_STDLIB_H 1
| #define HAVE_STRING_H 1
| #define HAVE_MEMORY_H 1
| #define HAVE_STRINGS_H 1
| #define HAVE_INTTYPES_H 1
| #define HAVE_STDINT_H 1
| #define HAVE_UNISTD_H 1
| /* end confdefs.h.  */
| #include <stdio.h>
| #ifdef HAVE_SYS_TYPES_H
| # include <sys/types.h>
| #endif
| #ifdef HAVE_SYS_STAT_H
| # include <sys/stat.h>
| #endif
| #ifdef STDC_HEADERS
| # include <stdlib.h>
| # include <stddef.h>
| #else
| # ifdef HAVE_STDLIB_H
| #  include <stdlib.h>
| # endif
| #endif
| #ifdef HAVE_STRING_H
| # if !defined STDC_HEADERS && defined HAVE_MEMORY_H
| #  include <memory.h>
| # endif
| # include <string.h>
| #endif
| #ifdef HAVE_STRINGS_H
| # include <strings.h>
| #endif
| #ifdef HAVE_INTTYPES_H
| # include <inttypes.h>
| #endif
| #ifdef HAVE_STDINT_H
| # include <stdint.h>
| #endif
| #ifdef HAVE_UNISTD_H
| # include <unistd.h>
| #endif
| #include <veri/satis.h>
configure:3354: result: no
configure:3354: checking veri/satis.h presence
configure:3354: gcc -E  conftest.c
conftest.c:19:10: error: 'veri/satis.h' file not found with <angled> include; use "quotes" instead
#include <veri/satis.h>
         ^~~~~~~~~~~~~~
         "veri/satis.h"
In file included from conftest.c:19:
./veri/satis.h:4:10: fatal error: 'string' file not found
#include <string>
         ^
2 errors generated.
configure:3354: $? = 1
configure: failed program was:
| /* confdefs.h */
| #define PACKAGE_NAME "okabe"
| #define PACKAGE_TARNAME "okabe"
| #define PACKAGE_VERSION "1.0.1"
| #define PACKAGE_STRING "okabe 1.0.1"
| #define PACKAGE_BUGREPORT ""
| #define PACKAGE_URL ""
| #define STDC_HEADERS 1
| #define HAVE_SYS_TYPES_H 1
| #define HAVE_SYS_STAT_H 1
| #define HAVE_STDLIB_H 1
| #define HAVE_STRING_H 1
| #define HAVE_MEMORY_H 1
| #define HAVE_STRINGS_H 1
| #define HAVE_INTTYPES_H 1
| #define HAVE_STDINT_H 1
| #define HAVE_UNISTD_H 1
| /* end confdefs.h.  */
| #include <veri/satis.h>
configure:3354: result: no
configure:3354: checking for veri/satis.h
configure:3354: result: no
configure:3354: checking veri/urun.h usability
configure:3354: gcc -c -g -O2  conftest.c >&5
conftest.c:52:10: error: 'veri/urun.h' file not found with <angled> include; use "quotes" instead
#include <veri/urun.h>
         ^~~~~~~~~~~~~
         "veri/urun.h"
In file included from conftest.c:52:
./veri/urun.h:4:10: fatal error: 'string' file not found
#include <string>
         ^
2 errors generated.
configure:3354: $? = 1
configure: failed program was:
| /* confdefs.h */
| #define PACKAGE_NAME "okabe"
| #define PACKAGE_TARNAME "okabe"
| #define PACKAGE_VERSION "1.0.1"
| #define PACKAGE_STRING "okabe 1.0.1"
| #define PACKAGE_BUGREPORT ""
| #define PACKAGE_URL ""
| #define STDC_HEADERS 1
| #define HAVE_SYS_TYPES_H 1
| #define HAVE_SYS_STAT_H 1
| #define HAVE_STDLIB_H 1
| #define HAVE_STRING_H 1
| #define HAVE_MEMORY_H 1
| #define HAVE_STRINGS_H 1
| #define HAVE_INTTYPES_H 1
| #define HAVE_STDINT_H 1
| #define HAVE_UNISTD_H 1
| /* end confdefs.h.  */
| #include <stdio.h>
| #ifdef HAVE_SYS_TYPES_H
| # include <sys/types.h>
| #endif
| #ifdef HAVE_SYS_STAT_H
| # include <sys/stat.h>
| #endif
| #ifdef STDC_HEADERS
| # include <stdlib.h>
| # include <stddef.h>
| #else
| # ifdef HAVE_STDLIB_H
| #  include <stdlib.h>
| # endif
| #endif
| #ifdef HAVE_STRING_H
| # if !defined STDC_HEADERS && defined HAVE_MEMORY_H
| #  include <memory.h>
| # endif
| # include <string.h>
| #endif
| #ifdef HAVE_STRINGS_H
| # include <strings.h>
| #endif
| #ifdef HAVE_INTTYPES_H
| # include <inttypes.h>
| #endif
| #ifdef HAVE_STDINT_H
| # include <stdint.h>
| #endif
| #ifdef HAVE_UNISTD_H
| # include <unistd.h>
| #endif
| #include <veri/urun.h>
configure:3354: result: no
configure:3354: checking veri/urun.h presence
configure:3354: gcc -E  conftest.c
conftest.c:19:10: error: 'veri/urun.h' file not found with <angled> include; use "quotes" instead
#include <veri/urun.h>
         ^~~~~~~~~~~~~
         "veri/urun.h"
In file included from conftest.c:19:
./veri/urun.h:4:10: fatal error: 'string' file not found
#include <string>
         ^
2 errors generated.
configure:3354: $? = 1
configure: failed program was:
| /* confdefs.h */
| #define PACKAGE_NAME "okabe"
| #define PACKAGE_TARNAME "okabe"
| #define PACKAGE_VERSION "1.0.1"
| #define PACKAGE_STRING "okabe 1.0.1"
| #define PACKAGE_BUGREPORT ""
| #define PACKAGE_URL ""
| #define STDC_HEADERS 1
| #define HAVE_SYS_TYPES_H 1
| #define HAVE_SYS_STAT_H 1
| #define HAVE_STDLIB_H 1
| #define HAVE_STRING_H 1
| #define HAVE_MEMORY_H 1
| #define HAVE_STRINGS_H 1
| #define HAVE_INTTYPES_H 1
| #define HAVE_STDINT_H 1
| #define HAVE_UNISTD_H 1
| /* end confdefs.h.  */
| #include <veri/urun.h>
configure:3354: result: no
configure:3354: checking for veri/urun.h
configure:3354: result: no
configure:3354: checking veri/veritabani.h usability
configure:3354: gcc -c -g -O2  conftest.c >&5
conftest.c:52:10: error: 'veri/veritabani.h' file not found with <angled> include; use "quotes" instead
#include <veri/veritabani.h>
         ^~~~~~~~~~~~~~~~~~~
         "veri/veritabani.h"
In file included from conftest.c:52:
./veri/veritabani.h:4:10: fatal error: 'string' file not found
#include <string>
         ^
2 errors generated.
configure:3354: $? = 1
configure: failed program was:
| /* confdefs.h */
| #define PACKAGE_NAME "okabe"
| #define PACKAGE_TARNAME "okabe"
| #define PACKAGE_VERSION "1.0.1"
| #define PACKAGE_STRING "okabe 1.0.1"
| #define PACKAGE_BUGREPORT ""
| #define PACKAGE_URL ""
| #define STDC_HEADERS 1
| #define HAVE_SYS_TYPES_H 1
| #define HAVE_SYS_STAT_H 1
| #define HAVE_STDLIB_H 1
| #define HAVE_STRING_H 1
| #define HAVE_MEMORY_H 1
| #define HAVE_STRINGS_H 1
| #define HAVE_INTTYPES_H 1
| #define HAVE_STDINT_H 1
| #define HAVE_UNISTD_H 1
| /* end confdefs.h.  */
| #include <stdio.h>
| #ifdef HAVE_SYS_TYPES_H
| # include <sys/types.h>
| #endif
| #ifdef HAVE_SYS_STAT_H
| # include <sys/stat.h>
| #endif
| #ifdef STDC_HEADERS
| # include <stdlib.h>
| # include <stddef.h>
| #else
| # ifdef HAVE_STDLIB_H
| #  include <stdlib.h>
| # endif
| #endif
| #ifdef HAVE_STRING_H
| # if !defined STDC_HEADERS && defined HAVE_MEMORY_H
| #  include <memory.h>
| # endif
| # include <string.h>
| #endif
| #ifdef HAVE_STRINGS_H
| # include <strings.h>
| #endif
| #ifdef HAVE_INTTYPES_H
| # include <inttypes.h>
| #endif
| #ifdef HAVE_STDINT_H
| # include <stdint.h>
| #endif
| #ifdef HAVE_UNISTD_H
| # include <unistd.h>
| #endif
| #include <veri/veritabani.h>
configure:3354: result: no
configure:3354: checking veri/veritabani.h presence
configure:3354: gcc -E  conftest.c
conftest.c:19:10: error: 'veri/veritabani.h' file not found with <angled> include; use "quotes" instead
#include <veri/veritabani.h>
         ^~~~~~~~~~~~~~~~~~~
         "veri/veritabani.h"
In file included from conftest.c:19:
./veri/veritabani.h:4:10: fatal error: 'string' file not found
#include <string>
         ^
2 errors generated.
configure:3354: $? = 1
configure: failed program was:
| /* confdefs.h */
| #define PACKAGE_NAME "okabe"
| #define PACKAGE_TARNAME "okabe"
| #define PACKAGE_VERSION "1.0.1"
| #define PACKAGE_STRING "okabe 1.0.1"
| #define PACKAGE_BUGREPORT ""
| #define PACKAGE_URL ""
| #define STDC_HEADERS 1
| #define HAVE_SYS_TYPES_H 1
| #define HAVE_SYS_STAT_H 1
| #define HAVE_STDLIB_H 1
| #define HAVE_STRING_H 1
| #define HAVE_MEMORY_H 1
| #define HAVE_STRINGS_H 1
| #define HAVE_INTTYPES_H 1
| #define HAVE_STDINT_H 1
| #define HAVE_UNISTD_H 1
| /* end confdefs.h.  */
| #include <veri/veritabani.h>
configure:3354: result: no
configure:3354: checking for veri/veritabani.h
configure:3354: result: no
configure:3368: checking X usability
configure:3368: gcc -c -g -O2  conftest.c >&5
conftest.c:52:10: fatal error: 'X' file not found
#include <X>
         ^
1 error generated.
configure:3368: $? = 1
configure: failed program was:
| /* confdefs.h */
| #define PACKAGE_NAME "okabe"
| #define PACKAGE_TARNAME "okabe"
| #define PACKAGE_VERSION "1.0.1"
| #define PACKAGE_STRING "okabe 1.0.1"
| #define PACKAGE_BUGREPORT ""
| #define PACKAGE_URL ""
| #define STDC_HEADERS 1
| #define HAVE_SYS_TYPES_H 1
| #define HAVE_SYS_STAT_H 1
| #define HAVE_STDLIB_H 1
| #define HAVE_STRING_H 1
| #define HAVE_MEMORY_H 1
| #define HAVE_STRINGS_H 1
| #define HAVE_INTTYPES_H 1
| #define HAVE_STDINT_H 1
| #define HAVE_UNISTD_H 1
| /* end confdefs.h.  */
| #include <stdio.h>
| #ifdef HAVE_SYS_TYPES_H
| # include <sys/types.h>
| #endif
| #ifdef HAVE_SYS_STAT_H
| # include <sys/stat.h>
| #endif
| #ifdef STDC_HEADERS
| # include <stdlib.h>
| # include <stddef.h>
| #else
| # ifdef HAVE_STDLIB_H
| #  include <stdlib.h>
| # endif
| #endif
| #ifdef HAVE_STRING_H
| # if !defined STDC_HEADERS && defined HAVE_MEMORY_H
| #  include <memory.h>
| # endif
| # include <string.h>
| #endif
| #ifdef HAVE_STRINGS_H
| # include <strings.h>
| #endif
| #ifdef HAVE_INTTYPES_H
| # include <inttypes.h>
| #endif
| #ifdef HAVE_STDINT_H
| # include <stdint.h>
| #endif
| #ifdef HAVE_UNISTD_H
| # include <unistd.h>
| #endif
| #include <X>
configure:3368: result: no
configure:3368: checking X presence
configure:3368: gcc -E  conftest.c
conftest.c:19:10: fatal error: 'X' file not found
#include <X>
         ^
1 error generated.
configure:3368: $? = 1
configure: failed program was:
| /* confdefs.h */
| #define PACKAGE_NAME "okabe"
| #define PACKAGE_TARNAME "okabe"
| #define PACKAGE_VERSION "1.0.1"
| #define PACKAGE_STRING "okabe 1.0.1"
| #define PACKAGE_BUGREPORT ""
| #define PACKAGE_URL ""
| #define STDC_HEADERS 1
| #define HAVE_SYS_TYPES_H 1
| #define HAVE_SYS_STAT_H 1
| #define HAVE_STDLIB_H 1
| #define HAVE_STRING_H 1
| #define HAVE_MEMORY_H 1
| #define HAVE_STRINGS_H 1
| #define HAVE_INTTYPES_H 1
| #define HAVE_STDINT_H 1
| #define HAVE_UNISTD_H 1
| /* end confdefs.h.  */
| #include <X>
configure:3368: result: no
configure:3368: checking for X
configure:3368: result: no
configure:3368: checking $CC usability
configure:3368: gcc -c -g -O2  conftest.c >&5
conftest.c:52:10: fatal error: '$CC' file not found
#include <$CC>
         ^
1 error generated.
configure:3368: $? = 1
configure: failed program was:
| /* confdefs.h */
| #define PACKAGE_NAME "okabe"
| #define PACKAGE_TARNAME "okabe"
| #define PACKAGE_VERSION "1.0.1"
| #define PACKAGE_STRING "okabe 1.0.1"
| #define PACKAGE_BUGREPORT ""
| #define PACKAGE_URL ""
| #define STDC_HEADERS 1
| #define HAVE_SYS_TYPES_H 1
| #define HAVE_SYS_STAT_H 1
| #define HAVE_STDLIB_H 1
| #define HAVE_STRING_H 1
| #define HAVE_MEMORY_H 1
| #define HAVE_STRINGS_H 1
| #define HAVE_INTTYPES_H 1
| #define HAVE_STDINT_H 1
| #define HAVE_UNISTD_H 1
| /* end confdefs.h.  */
| #include <stdio.h>
| #ifdef HAVE_SYS_TYPES_H
| # include <sys/types.h>
| #endif
| #ifdef HAVE_SYS_STAT_H
| # include <sys/stat.h>
| #endif
| #ifdef STDC_HEADERS
| # include <stdlib.h>
| # include <stddef.h>
| #else
| # ifdef HAVE_STDLIB_H
| #  include <stdlib.h>
| # endif
| #endif
| #ifdef HAVE_STRING_H
| # if !defined STDC_HEADERS && defined HAVE_MEMORY_H
| #  include <memory.h>
| # endif
| # include <string.h>
| #endif
| #ifdef HAVE_STRINGS_H
| # include <strings.h>
| #endif
| #ifdef HAVE_INTTYPES_H
| # include <inttypes.h>
| #endif
| #ifdef HAVE_STDINT_H
| # include <stdint.h>
| #endif
| #ifdef HAVE_UNISTD_H
| # include <unistd.h>
| #endif
| #include <$CC>
configure:3368: result: no
configure:3368: checking $CC presence
configure:3368: gcc -E  conftest.c
conftest.c:19:10: fatal error: '$CC' file not found
#include <$CC>
         ^
1 error generated.
configure:3368: $? = 1
configure: failed program was:
| /* confdefs.h */
| #define PACKAGE_NAME "okabe"
| #define PACKAGE_TARNAME "okabe"
| #define PACKAGE_VERSION "1.0.1"
| #define PACKAGE_STRING "okabe 1.0.1"
| #define PACKAGE_BUGREPORT ""
| #define PACKAGE_URL ""
| #define STDC_HEADERS 1
| #define HAVE_SYS_TYPES_H 1
| #define HAVE_SYS_STAT_H 1
| #define HAVE_STDLIB_H 1
| #define HAVE_STRING_H 1
| #define HAVE_MEMORY_H 1
| #define HAVE_STRINGS_H 1
| #define HAVE_INTTYPES_H 1
| #define HAVE_STDINT_H 1
| #define HAVE_UNISTD_H 1
| /* end confdefs.h.  */
| #include <$CC>
configure:3368: result: no
configure:3368: checking for $CC
configure:3368: result: no
configure:3368: checking -c usability
configure:3368: gcc -c -g -O2  conftest.c >&5
conftest.c:52:10: fatal error: '-c' file not found
#include <-c>
         ^
1 error generated.
configure:3368: $? = 1
configure: failed program was:
| /* confdefs.h */
| #define PACKAGE_NAME "okabe"
| #define PACKAGE_TARNAME "okabe"
| #define PACKAGE_VERSION "1.0.1"
| #define PACKAGE_STRING "okabe 1.0.1"
| #define PACKAGE_BUGREPORT ""
| #define PACKAGE_URL ""
| #define STDC_HEADERS 1
| #define HAVE_SYS_TYPES_H 1
| #define HAVE_SYS_STAT_H 1
| #define HAVE_STDLIB_H 1
| #define HAVE_STRING_H 1
| #define HAVE_MEMORY_H 1
| #define HAVE_STRINGS_H 1
| #define HAVE_INTTYPES_H 1
| #define HAVE_STDINT_H 1
| #define HAVE_UNISTD_H 1
| /* end confdefs.h.  */
| #include <stdio.h>
| #ifdef HAVE_SYS_TYPES_H
| # include <sys/types.h>
| #endif
| #ifdef HAVE_SYS_STAT_H
| # include <sys/stat.h>
| #endif
| #ifdef STDC_HEADERS
| # include <stdlib.h>
| # include <stddef.h>
| #else
| # ifdef HAVE_STDLIB_H
| #  include <stdlib.h>
| # endif
| #endif
| #ifdef HAVE_STRING_H
| # if !defined STDC_HEADERS && defined HAVE_MEMORY_H
| #  include <memory.h>
| # endif
| # include <string.h>
| #endif
| #ifdef HAVE_STRINGS_H
| # include <strings.h>
| #endif
| #ifdef HAVE_INTTYPES_H
| # include <inttypes.h>
| #endif
| #ifdef HAVE_STDINT_H
| # include <stdint.h>
| #endif
| #ifdef HAVE_UNISTD_H
| # include <unistd.h>
| #endif
| #include <-c>
configure:3368: result: no
configure:3368: checking -c presence
configure:3368: gcc -E  conftest.c
conftest.c:19:10: fatal error: '-c' file not found
#include <-c>
         ^
1 error generated.
configure:3368: $? = 1
configure: failed program was:
| /* confdefs.h */
| #define PACKAGE_NAME "okabe"
| #define PACKAGE_TARNAME "okabe"
| #define PACKAGE_VERSION "1.0.1"
| #define PACKAGE_STRING "okabe 1.0.1"
| #define PACKAGE_BUGREPORT ""
| #define PACKAGE_URL ""
| #define STDC_HEADERS 1
| #define HAVE_SYS_TYPES_H 1
| #define HAVE_SYS_STAT_H 1
| #define HAVE_STDLIB_H 1
| #define HAVE_STRING_H 1
| #define HAVE_MEMORY_H 1
| #define HAVE_STRINGS_H 1
| #define HAVE_INTTYPES_H 1
| #define HAVE_STDINT_H 1
| #define HAVE_UNISTD_H 1
| /* end confdefs.h.  */
| #include <-c>
configure:3368: result: no
configure:3368: checking for -c
configure:3368: result: no
configure:3368: checking $CFLAGS usability
configure:3368: gcc -c -g -O2  conftest.c >&5
conftest.c:52:10: fatal error: '$CFLAGS' file not found
#include <$CFLAGS>
         ^
1 error generated.
configure:3368: $? = 1
configure: failed program was:
| /* confdefs.h */
| #define PACKAGE_NAME "okabe"
| #define PACKAGE_TARNAME "okabe"
| #define PACKAGE_VERSION "1.0.1"
| #define PACKAGE_STRING "okabe 1.0.1"
| #define PACKAGE_BUGREPORT ""
| #define PACKAGE_URL ""
| #define STDC_HEADERS 1
| #define HAVE_SYS_TYPES_H 1
| #define HAVE_SYS_STAT_H 1
| #define HAVE_STDLIB_H 1
| #define HAVE_STRING_H 1
| #define HAVE_MEMORY_H 1
| #define HAVE_STRINGS_H 1
| #define HAVE_INTTYPES_H 1
| #define HAVE_STDINT_H 1
| #define HAVE_UNISTD_H 1
| /* end confdefs.h.  */
| #include <stdio.h>
| #ifdef HAVE_SYS_TYPES_H
| # include <sys/types.h>
| #endif
| #ifdef HAVE_SYS_STAT_H
| # include <sys/stat.h>
| #endif
| #ifdef STDC_HEADERS
| # include <stdlib.h>
| # include <stddef.h>
| #else
| # ifdef HAVE_STDLIB_H
| #  include <stdlib.h>
| # endif
| #endif
| #ifdef HAVE_STRING_H
| # if !defined STDC_HEADERS && defined HAVE_MEMORY_H
| #  include <memory.h>
| # endif
| # include <string.h>
| #endif
| #ifdef HAVE_STRINGS_H
| # include <strings.h>
| #endif
| #ifdef HAVE_INTTYPES_H
| # include <inttypes.h>
| #endif
| #ifdef HAVE_STDINT_H
| # include <stdint.h>
| #endif
| #ifdef HAVE_UNISTD_H
| # include <unistd.h>
| #endif
| #include <$CFLAGS>
configure:3368: result: no
configure:3368: checking $CFLAGS presence
configure:3368: gcc -E  conftest.c
conftest.c:19:10: fatal error: '$CFLAGS' file not found
#include <$CFLAGS>
         ^
1 error generated.
configure:3368: $? = 1
configure: failed program was:
| /* confdefs.h */
| #define PACKAGE_NAME "okabe"
| #define PACKAGE_TARNAME "okabe"
| #define PACKAGE_VERSION "1.0.1"
| #define PACKAGE_STRING "okabe 1.0.1"
| #define PACKAGE_BUGREPORT ""
| #define PACKAGE_URL ""
| #define STDC_HEADERS 1
| #define HAVE_SYS_TYPES_H 1
| #define HAVE_SYS_STAT_H 1
| #define HAVE_STDLIB_H 1
| #define HAVE_STRING_H 1
| #define HAVE_MEMORY_H 1
| #define HAVE_STRINGS_H 1
| #define HAVE_INTTYPES_H 1
| #define HAVE_STDINT_H 1
| #define HAVE_UNISTD_H 1
| /* end confdefs.h.  */
| #include <$CFLAGS>
configure:3368: result: no
configure:3368: checking for $CFLAGS
configure:3368: result: no
configure:3368: checking $CPPFLAGS usability
configure:3368: gcc -c -g -O2  conftest.c >&5
conftest.c:52:10: fatal error: '$CPPFLAGS' file not found
#include <$CPPFLAGS>
         ^
1 error generated.
configure:3368: $? = 1
configure: failed program was:
| /* confdefs.h */
| #define PACKAGE_NAME "okabe"
| #define PACKAGE_TARNAME "okabe"
| #define PACKAGE_VERSION "1.0.1"
| #define PACKAGE_STRING "okabe 1.0.1"
| #define PACKAGE_BUGREPORT ""
| #define PACKAGE_URL ""
| #define STDC_HEADERS 1
| #define HAVE_SYS_TYPES_H 1
| #define HAVE_SYS_STAT_H 1
| #define HAVE_STDLIB_H 1
| #define HAVE_STRING_H 1
| #define HAVE_MEMORY_H 1
| #define HAVE_STRINGS_H 1
| #define HAVE_INTTYPES_H 1
| #define HAVE_STDINT_H 1
| #define HAVE_UNISTD_H 1
| /* end confdefs.h.  */
| #include <stdio.h>
| #ifdef HAVE_SYS_TYPES_H
| # include <sys/types.h>
| #endif
| #ifdef HAVE_SYS_STAT_H
| # include <sys/stat.h>
| #endif
| #ifdef STDC_HEADERS
| # include <stdlib.h>
| # include <stddef.h>
| #else
| # ifdef HAVE_STDLIB_H
| #  include <stdlib.h>
| # endif
| #endif
| #ifdef HAVE_STRING_H
| # if !defined STDC_HEADERS && defined HAVE_MEMORY_H
| #  include <memory.h>
| # endif
| # include <string.h>
| #endif
| #ifdef HAVE_STRINGS_H
| # include <strings.h>
| #endif
| #ifdef HAVE_INTTYPES_H
| # include <inttypes.h>
| #endif
| #ifdef HAVE_STDINT_H
| # include <stdint.h>
| #endif
| #ifdef HAVE_UNISTD_H
| # include <unistd.h>
| #endif
| #include <$CPPFLAGS>
configure:3368: result: no
configure:3368: checking $CPPFLAGS presence
configure:3368: gcc -E  conftest.c
conftest.c:19:10: fatal error: '$CPPFLAGS' file not found
#include <$CPPFLAGS>
         ^
1 error generated.
configure:3368: $? = 1
configure: failed program was:
| /* confdefs.h */
| #define PACKAGE_NAME "okabe"
| #define PACKAGE_TARNAME "okabe"
| #define PACKAGE_VERSION "1.0.1"
| #define PACKAGE_STRING "okabe 1.0.1"
| #define PACKAGE_BUGREPORT ""
| #define PACKAGE_URL ""
| #define STDC_HEADERS 1
| #define HAVE_SYS_TYPES_H 1
| #define HAVE_SYS_STAT_H 1
| #define HAVE_STDLIB_H 1
| #define HAVE_STRING_H 1
| #define HAVE_MEMORY_H 1
| #define HAVE_STRINGS_H 1
| #define HAVE_INTTYPES_H 1
| #define HAVE_STDINT_H 1
| #define HAVE_UNISTD_H 1
| /* end confdefs.h.  */
| #include <$CPPFLAGS>
configure:3368: result: no
configure:3368: checking for $CPPFLAGS
configure:3368: result: no
configure:3368: checking conftest.$ac_ext usability
configure:3368: gcc -c -g -O2  conftest.c >&5
conftest.c:52:10: fatal error: 'conftest.$ac_ext' file not found
#include <conftest.$ac_ext>
         ^
1 error generated.
configure:3368: $? = 1
configure: failed program was:
| /* confdefs.h */
| #define PACKAGE_NAME "okabe"
| #define PACKAGE_TARNAME "okabe"
| #define PACKAGE_VERSION "1.0.1"
| #define PACKAGE_STRING "okabe 1.0.1"
| #define PACKAGE_BUGREPORT ""
| #define PACKAGE_URL ""
| #define STDC_HEADERS 1
| #define HAVE_SYS_TYPES_H 1
| #define HAVE_SYS_STAT_H 1
| #define HAVE_STDLIB_H 1
| #define HAVE_STRING_H 1
| #define HAVE_MEMORY_H 1
| #define HAVE_STRINGS_H 1
| #define HAVE_INTTYPES_H 1
| #define HAVE_STDINT_H 1
| #define HAVE_UNISTD_H 1
| /* end confdefs.h.  */
| #include <stdio.h>
| #ifdef HAVE_SYS_TYPES_H
| # include <sys/types.h>
| #endif
| #ifdef HAVE_SYS_STAT_H
| # include <sys/stat.h>
| #endif
| #ifdef STDC_HEADERS
| # include <stdlib.h>
| # include <stddef.h>
| #else
| # ifdef HAVE_STDLIB_H
| #  include <stdlib.h>
| # endif
| #endif
| #ifdef HAVE_STRING_H
| # if !defined STDC_HEADERS && defined HAVE_MEMORY_H
| #  include <memory.h>
| # endif
| # include <string.h>
| #endif
| #ifdef HAVE_STRINGS_H
| # include <strings.h>
| #endif
| #ifdef HAVE_INTTYPES_H
| # include <inttypes.h>
| #endif
| #ifdef HAVE_STDINT_H
| # include <stdint.h>
| #endif
| #ifdef HAVE_UNISTD_H
| # include <unistd.h>
| #endif
| #include <conftest.$ac_ext>
configure:3368: result: no
configure:3368: checking conftest.$ac_ext presence
configure:3368: gcc -E  conftest.c
conftest.c:19:10: fatal error: 'conftest.$ac_ext' file not found
#include <conftest.$ac_ext>
         ^
1 error generated.
configure:3368: $? = 1
configure: failed program was:
| /* confdefs.h */
| #define PACKAGE_NAME "okabe"
| #define PACKAGE_TARNAME "okabe"
| #define PACKAGE_VERSION "1.0.1"
| #define PACKAGE_STRING "okabe 1.0.1"
| #define PACKAGE_BUGREPORT ""
| #define PACKAGE_URL ""
| #define STDC_HEADERS 1
| #define HAVE_SYS_TYPES_H 1
| #define HAVE_SYS_STAT_H 1
| #define HAVE_STDLIB_H 1
| #define HAVE_STRING_H 1
| #define HAVE_MEMORY_H 1
| #define HAVE_STRINGS_H 1
| #define HAVE_INTTYPES_H 1
| #define HAVE_STDINT_H 1
| #define HAVE_UNISTD_H 1
| /* end confdefs.h.  */
| #include <conftest.$ac_ext>
configure:3368: result: no
configure:3368: checking for conftest.$ac_ext
configure:3368: result: no
configure:3368: checking >&5 usability
configure:3368: gcc -c -g -O2  conftest.c >&5
conftest.c:52:10: error: empty filename
#include <>&5>
         ^
1 error generated.
configure:3368: $? = 1
configure: failed program was:
| /* confdefs.h */
| #define PACKAGE_NAME "okabe"
| #define PACKAGE_TARNAME "okabe"
| #define PACKAGE_VERSION "1.0.1"
| #define PACKAGE_STRING "okabe 1.0.1"
| #define PACKAGE_BUGREPORT ""
| #define PACKAGE_URL ""
| #define STDC_HEADERS 1
| #define HAVE_SYS_TYPES_H 1
| #define HAVE_SYS_STAT_H 1
| #define HAVE_STDLIB_H 1
| #define HAVE_STRING_H 1
| #define HAVE_MEMORY_H 1
| #define HAVE_STRINGS_H 1
| #define HAVE_INTTYPES_H 1
| #define HAVE_STDINT_H 1
| #define HAVE_UNISTD_H 1
| /* end confdefs.h.  */
| #include <stdio.h>
| #ifdef HAVE_SYS_TYPES_H
| # include <sys/types.h>
| #endif
| #ifdef HAVE_SYS_STAT_H
| # include <sys/stat.h>
| #endif
| #ifdef STDC_HEADERS
| # include <stdlib.h>
| # include <stddef.h>
| #else
| # ifdef HAVE_STDLIB_H
| #  include <stdlib.h>
| # endif
| #endif
| #ifdef HAVE_STRING_H
| # if !defined STDC_HEADERS && defined HAVE_MEMORY_H
| #  include <memory.h>
| # endif
| # include <string.h>
| #endif
| #ifdef HAVE_STRINGS_H
| # include <strings.h>
| #endif
| #ifdef HAVE_INTTYPES_H
| # include <inttypes.h>
| #endif
| #ifdef HAVE_STDINT_H
| # include <stdint.h>
| #endif
| #ifdef HAVE_UNISTD_H
| # include <unistd.h>
| #endif
| #include <>&5>
configure:3368: result: no
configure:3368: checking >&5 presence
configure:3368: gcc -E  conftest.c
conftest.c:19:10: error: empty filename
#include <>&5>
         ^
1 error generated.
configure:3368: $? = 1
configure: failed program was:
| /* confdefs.h */
| #define PACKAGE_NAME "okabe"
| #define PACKAGE_TARNAME "okabe"
| #define PACKAGE_VERSION "1.0.1"
| #define PACKAGE_STRING "okabe 1.0.1"
| #define PACKAGE_BUGREPORT ""
| #define PACKAGE_URL ""
| #define STDC_HEADERS 1
| #define HAVE_SYS_TYPES_H 1
| #define HAVE_SYS_STAT_H 1
| #define HAVE_STDLIB_H 1
| #define HAVE_STRING_H 1
| #define HAVE_MEMORY_H 1
| #define HAVE_STRINGS_H 1
| #define HAVE_INTTYPES_H 1
| #define HAVE_STDINT_H 1
| #define HAVE_UNISTD_H 1
| /* end confdefs.h.  */
| #include <>&5>
configure:3368: result: no
configure:3368: checking for >&5
configure:3368: result: no
configure:3395: checking for a BSD-compatible install
configure:3463: result: /usr/local/bin/ginstall -c
configure:3474: checking whether build environment is sane
configure:3529: result: yes
configure:3677: checking for a thread-safe mkdir -p
configure:3716: result: /usr/local/bin/gmkdir -p
configure:3723: checking for gawk
configure:3753: result: no
configure:3723: checking for mawk
configure:3753: result: no
configure:3723: checking for nawk
configure:3753: result: no
configure:3723: checking for awk
configure:3739: found /usr/bin/awk
configure:3750: result: awk
configure:3761: checking whether make sets $(MAKE)
configure:3783: result: yes
configure:3813: checking for style of include used by make
configure:3841: result: GNU
configure:3875: checking whether make supports nested variables
configure:3892: result: yes
configure:3977: checking dependency style of gcc
configure:4088: result: gcc3
configure:4190: checking for ranlib
configure:4206: found /usr/bin/ranlib
configure:4217: result: ranlib
configure:4305: checking for g++
configure:4321: found /usr/bin/g++
configure:4332: result: g++
configure:4359: checking for C++ compiler version
configure:4368: g++ --version >&5
Apple LLVM version 7.0.0 (clang-700.1.76)
Target: x86_64-apple-darwin15.0.0
Thread model: posix
Configured with: --prefix=/Applications/Xcode.app/Contents/Developer/usr --with-gxx-include-dir=/Applications/Xcode.app/Contents/Developer/Platforms/MacOSX.platform/Developer/SDKs/MacOSX10.11.sdk/usr/include/c++/4.2.1
configure:4379: $? = 0
configure:4368: g++ -v >&5
Configured with: --prefix=/Applications/Xcode.app/Contents/Developer/usr --with-gxx-include-dir=/Applications/Xcode.app/Contents/Developer/Platforms/MacOSX.platform/Developer/SDKs/MacOSX10.11.sdk/usr/include/c++/4.2.1
Apple LLVM version 7.0.0 (clang-700.1.76)
Target: x86_64-apple-darwin15.0.0
Thread model: posix
configure:4379: $? = 0
configure:4368: g++ -V >&5
clang: error: argument to '-V' is missing (expected 1 value)
clang: error: no input files
configure:4379: $? = 1
configure:4368: g++ -qversion >&5
clang: error: unknown argument: '-qversion'
clang: error: no input files
configure:4379: $? = 1
configure:4383: checking whether we are using the GNU C++ compiler
configure:4402: g++ -c   conftest.cpp >&5
configure:4402: $? = 0
configure:4411: result: yes
configure:4420: checking whether g++ accepts -g
configure:4440: g++ -c -g  conftest.cpp >&5
configure:4440: $? = 0
configure:4481: result: yes
configure:4506: checking dependency style of g++
configure:4617: result: gcc3
configure:4783: checking that generated files are newer than configure
configure:4789: result: done
configure:4816: creating ./config.status

## ---------------------- ##
## Running config.status. ##
## ---------------------- ##

This file was extended by okabe config.status 1.0.1, which was
generated by GNU Autoconf 2.69.  Invocation command line was

  CONFIG_FILES    = 
  CONFIG_HEADERS  = 
  CONFIG_LINKS    = 
  CONFIG_COMMANDS = 
  $ ./config.status 

on Ergenekons-MacBook-Air.local

config.status:785: creating Makefile
config.status:785: creating src/Makefile
config.status:785: creating veri/Makefile
config.status:957: executing depfiles commands

## ---------------- ##
## Cache variables. ##
## ---------------- ##

ac_cv_c_compiler_gnu=yes
ac_cv_cxx_compiler_gnu=yes
ac_cv_env_CCC_set=
ac_cv_env_CCC_value=
ac_cv_env_CC_set=
ac_cv_env_CC_value=
ac_cv_env_CFLAGS_set=
ac_cv_env_CFLAGS_value=
ac_cv_env_CPPFLAGS_set=
ac_cv_env_CPPFLAGS_value=
ac_cv_env_CPP_set=
ac_cv_env_CPP_value=
ac_cv_env_CXXFLAGS_set=
ac_cv_env_CXXFLAGS_value=
ac_cv_env_CXX_set=
ac_cv_env_CXX_value=
ac_cv_env_LDFLAGS_set=
ac_cv_env_LDFLAGS_value=
ac_cv_env_LIBS_set=
ac_cv_env_LIBS_value=
ac_cv_env_build_alias_set=
ac_cv_env_build_alias_value=
ac_cv_env_host_alias_set=
ac_cv_env_host_alias_value=
ac_cv_env_target_alias_set=
ac_cv_env_target_alias_value=
ac_cv_header_X=no
ac_cv_header__CC=no
ac_cv_header__CFLAGS=no
ac_cv_header__CPPFLAGS=no
ac_cv_header___5=no
ac_cv_header__c=no
ac_cv_header_conftest__ac_ext=no
ac_cv_header_inttypes_h=yes
ac_cv_header_memory_h=yes
ac_cv_header_src_arayuz_h=no
ac_cv_header_src_yazilim_h=no
ac_cv_header_stdc=yes
ac_cv_header_stdint_h=yes
ac_cv_header_stdlib_h=yes
ac_cv_header_string_h=yes
ac_cv_header_strings_h=yes
ac_cv_header_sys_stat_h=yes
ac_cv_header_sys_types_h=yes
ac_cv_header_unistd_h=yes
ac_cv_header_veri_alis_h=no
ac_cv_header_veri_kategori_h=no
ac_cv_header_veri_satis_h=no
ac_cv_header_veri_urun_h=no
ac_cv_header_veri_veritabani_h=no
ac_cv_objext=o
ac_cv_path_EGREP='/usr/local/bin/ggrep -E'
ac_cv_path_GREP=/usr/local/bin/ggrep
ac_cv_path_install='/usr/local/bin/ginstall -c'
ac_cv_path_mkdir=/usr/local/bin/gmkdir
ac_cv_prog_AWK=awk
ac_cv_prog_CPP='gcc -E'
ac_cv_prog_ac_ct_CC=gcc
ac_cv_prog_ac_ct_CXX=g++
ac_cv_prog_ac_ct_RANLIB=ranlib
ac_cv_prog_cc_c89=
ac_cv_prog_cc_g=yes
ac_cv_prog_cxx_g=yes
ac_cv_prog_make_make_set=yes
am_cv_CC_dependencies_compiler_type=gcc3
am_cv_CXX_dependencies_compiler_type=gcc3
am_cv_make_support_nested_variables=yes
am_cv_prog_cc_c_o=yes

## ----------------- ##
## Output variables. ##
## ----------------- ##

ACLOCAL='${SHELL} /Users/ergenekonyigit/okabe/missing aclocal-1.15'
AMDEPBACKSLASH='\'
AMDEP_FALSE='#'
AMDEP_TRUE=''
AMTAR='$${TAR-tar}'
AM_BACKSLASH='\'
AM_DEFAULT_V='$(AM_DEFAULT_VERBOSITY)'
AM_DEFAULT_VERBOSITY='1'
AM_V='$(V)'
AUTOCONF='${SHELL} /Users/ergenekonyigit/okabe/missing autoconf'
AUTOHEADER='${SHELL} /Users/ergenekonyigit/okabe/missing autoheader'
AUTOMAKE='${SHELL} /Users/ergenekonyigit/okabe/missing automake-1.15'
AWK='awk'
CC='gcc'
CCDEPMODE='depmode=gcc3'
CFLAGS='-g -O2'
CPP='gcc -E'
CPPFLAGS=''
CXX='g++'
CXXDEPMODE='depmode=gcc3'
CXXFLAGS='-g -O2'
CYGPATH_W='echo'
DEFS='-DPACKAGE_NAME=\"okabe\" -DPACKAGE_TARNAME=\"okabe\" -DPACKAGE_VERSION=\"1.0.1\" -DPACKAGE_STRING=\"okabe\ 1.0.1\" -DPACKAGE_BUGREPORT=\"\" -DPACKAGE_URL=\"\" -DSTDC_HEADERS=1 -DHAVE_SYS_TYPES_H=1 -DHAVE_SYS_STAT_H=1 -DHAVE_STDLIB_H=1 -DHAVE_STRING_H=1 -DHAVE_MEMORY_H=1 -DHAVE_STRINGS_H=1 -DHAVE_INTTYPES_H=1 -DHAVE_STDINT_H=1 -DHAVE_UNISTD_H=1 -DPACKAGE=\"okabe\" -DVERSION=\"1.0.1\"'
DEPDIR='.deps'
ECHO_C='\c'
ECHO_N=''
ECHO_T=''
EGREP='/usr/local/bin/ggrep -E'
EXEEXT=''
GREP='/usr/local/bin/ggrep'
INSTALL_DATA='${INSTALL} -m 644'
INSTALL_PROGRAM='${INSTALL}'
INSTALL_SCRIPT='${INSTALL}'
INSTALL_STRIP_PROGRAM='$(install_sh) -c -s'
LDFLAGS=''
LIBOBJS=''
LIBS=''
LTLIBOBJS=''
MAKEINFO='${SHELL} /Users/ergenekonyigit/okabe/missing makeinfo'
MKDIR_P='/usr/local/bin/gmkdir -p'
OBJEXT='o'
PACKAGE='okabe'
PACKAGE_BUGREPORT=''
PACKAGE_NAME='okabe'
PACKAGE_STRING='okabe 1.0.1'
PACKAGE_TARNAME='okabe'
PACKAGE_URL=''
PACKAGE_VERSION='1.0.1'
PATH_SEPARATOR=':'
RANLIB='ranlib'
SET_MAKE=''
SHELL='/bin/sh'
STRIP=''
VERSION='1.0.1'
ac_ct_CC='gcc'
ac_ct_CXX='g++'
am__EXEEXT_FALSE=''
am__EXEEXT_TRUE='#'
am__fastdepCC_FALSE='#'
am__fastdepCC_TRUE=''
am__fastdepCXX_FALSE='#'
am__fastdepCXX_TRUE=''
am__include='include'
am__isrc=''
am__leading_dot='.'
am__nodep='_no'
am__quote=''
am__tar='$${TAR-tar} chof - "$$tardir"'
am__untar='$${TAR-tar} xf -'
bindir='${exec_prefix}/bin'
build_alias=''
datadir='${datarootdir}'
datarootdir='${prefix}/share'
docdir='${datarootdir}/doc/${PACKAGE_TARNAME}'
dvidir='${docdir}'
exec_prefix='${prefix}'
host_alias=''
htmldir='${docdir}'
includedir='${prefix}/include'
infodir='${datarootdir}/info'
install_sh='${SHELL} /Users/ergenekonyigit/okabe/install-sh'
libdir='${exec_prefix}/lib'
libexecdir='${exec_prefix}/libexec'
localedir='${datarootdir}/locale'
localstatedir='${prefix}/var'
mandir='${datarootdir}/man'
mkdir_p='$(MKDIR_P)'
oldincludedir='/usr/include'
pdfdir='${docdir}'
prefix='/usr/local'
program_transform_name='s,x,x,'
psdir='${docdir}'
sbindir='${exec_prefix}/sbin'
sharedstatedir='${prefix}/com'
sysconfdir='${prefix}/etc'
target_alias=''

## ----------- ##
## confdefs.h. ##
## ----------- ##

/* confdefs.h */
#define PACKAGE_NAME "okabe"
#define PACKAGE_TARNAME "okabe"
#define PACKAGE_VERSION "1.0.1"
#define PACKAGE_STRING "okabe 1.0.1"
#define PACKAGE_BUGREPORT ""
#define PACKAGE_URL ""
#define STDC_HEADERS 1
#define HAVE_SYS_TYPES_H 1
#define HAVE_SYS_STAT_H 1
#define HAVE_STDLIB_H 1
#define HAVE_STRING_H 1
#define HAVE_MEMORY_H 1
#define HAVE_STRINGS_H 1
#define HAVE_INTTYPES_H 1
#define HAVE_STDINT_H 1
#define HAVE_UNISTD_H 1
#define PACKAGE "okabe"
#define VERSION "1.0.1"

configure: exit 0

## ---------------------- ##
## Running config.status. ##
## ---------------------- ##

This file was extended by okabe config.status 1.0.1, which was
generated by GNU Autoconf 2.69.  Invocation command line was

  CONFIG_FILES    = 
  CONFIG_HEADERS  = 
  CONFIG_LINKS    = 
  CONFIG_COMMANDS = 
  $ ./config.status Makefile

on Ergenekons-MacBook-Air.local

config.status:785: creating Makefile

## ---------------------- ##
## Running config.status. ##
## ---------------------- ##

This file was extended by okabe config.status 1.0.1, which was
generated by GNU Autoconf 2.69.  Invocation command line was

  CONFIG_FILES    = 
  CONFIG_HEADERS  = 
  CONFIG_LINKS    = 
  CONFIG_COMMANDS = 
  $ ./config.status src/Makefile depfiles

on Ergenekons-MacBook-Air.local

config.status:785: creating src/Makefile
config.status:957: executing depfiles commands
